<?xml version="1.0" encoding="UTF-8"?>
<!-- Generated by org.testng.reporters.JUnitXMLReporter -->
<testsuite ignored="0" hostname="Kaykaku" failures="0" tests="7" name="Default test" time="1.241" errors="0" timestamp="2022-04-16T01:46:00 ICT">
  <testcase classname="com.edusys.dao.NhanVienDAOTest" name="testSelectBySql" time="0.489"/>
  <testcase classname="com.edusys.dao.NhanVienDAOTest" name="testSelectAll" time="0.029"/>
  <testcase classname="com.edusys.dao.NhanVienDAOTest" name="testSelectByID" time="0.043"/>
  <testcase classname="com.edusys.dao.NhanVienDAOTest" name="testSelectByKey" time="0.023"/>
  <testcase classname="com.edusys.dao.NhanVienDAOTest" name="testInsert" time="0.167"/>
  <testcase classname="com.edusys.dao.NhanVienDAOTest" name="testUpdate" time="0.252"/>
  <testcase classname="com.edusys.dao.NhanVienDAOTest" name="testDelete" time="0.185"/>
</testsuite> <!-- Default test -->
